Library/Bee/Android/Prj/Mono2x/Gradle/unityLibrary/build/intermediates/manifest_merge_blame_file/release/manifest-merger-blame-release-report.txt
1<?xml version="1.0" encoding="utf-8"?>
2<manifest xmlns:android="http://schemas.android.com/apk/res/android"
3    xmlns:tools="http://schemas.android.com/tools"
4    package="com.unity3d.player"
5    android:installLocation="auto"
6    android:versionCode="1"
7    android:versionName="1.3" >
8
9    <uses-sdk
10        android:minSdkVersion="29"
10-->src\main\AndroidManifest.xml
11        android:targetSdkVersion="30" />
11-->src\main\AndroidManifest.xml
12
13    <uses-feature android:glEsVersion="0x00030000" />
13-->src\main\AndroidManifest.xml:26:3-52
13-->src\main\AndroidManifest.xml:26:17-49
14    <uses-feature
14-->src\main\AndroidManifest.xml:27:3-91
15        android:name="android.hardware.vulkan.version"
15-->src\main\AndroidManifest.xml:27:17-63
16        android:required="false" />
16-->src\main\AndroidManifest.xml:27:64-88
17
18    <supports-gl-texture android:name="GL_KHR_texture_compression_astc_ldr" />
18-->src\main\AndroidManifest.xml:28:3-77
18-->src\main\AndroidManifest.xml:28:24-74
19
20    <uses-permission android:name="android.permission.INTERNET" />
20-->src\main\AndroidManifest.xml:29:3-65
20-->src\main\AndroidManifest.xml:29:20-62
21
22    <uses-feature
22-->src\main\AndroidManifest.xml:30:3-88
23        android:name="android.hardware.touchscreen"
23-->src\main\AndroidManifest.xml:30:17-60
24        android:required="false" />
24-->src\main\AndroidManifest.xml:30:61-85
25    <uses-feature
25-->src\main\AndroidManifest.xml:31:3-99
26        android:name="android.hardware.touchscreen.multitouch"
26-->src\main\AndroidManifest.xml:31:17-71
27        android:required="false" />
27-->src\main\AndroidManifest.xml:31:72-96
28    <uses-feature
28-->src\main\AndroidManifest.xml:32:3-108
29        android:name="android.hardware.touchscreen.multitouch.distinct"
29-->src\main\AndroidManifest.xml:32:17-80
30        android:required="false" />
30-->src\main\AndroidManifest.xml:32:81-105
31    <uses-feature
31-->src\main\AndroidManifest.xml:33:3-111
32        android:name="android.hardware.vr.headtracking"
32-->src\main\AndroidManifest.xml:33:17-64
33        android:required="true"
33-->src\main\AndroidManifest.xml:33:65-88
34        android:version="1" />
34-->src\main\AndroidManifest.xml:33:89-108
35
36    <application android:extractNativeLibs="true" >
36-->src\main\AndroidManifest.xml:3:3-25:17
36-->src\main\AndroidManifest.xml:3:16-48
37        <activity
37-->src\main\AndroidManifest.xml:4:5-13:16
38            android:name="com.unity3d.player.UnityPlayerActivity"
38-->src\main\AndroidManifest.xml:4:15-68
39            android:configChanges="keyboard|keyboardHidden|navigation|orientation|screenLayout|screenSize|uiMode|density"
39-->src\main\AndroidManifest.xml:4:204-313
40            android:hardwareAccelerated="false"
40-->src\main\AndroidManifest.xml:4:349-384
41            android:launchMode="singleTask"
41-->src\main\AndroidManifest.xml:4:172-203
42            android:resizeableActivity="false"
42-->src\main\AndroidManifest.xml:4:314-348
43            android:screenOrientation="landscape"
43-->src\main\AndroidManifest.xml:4:134-171
44            android:theme="@android:style/Theme.Black.NoTitleBar.Fullscreen" >
44-->src\main\AndroidManifest.xml:4:69-133
45            <intent-filter>
45-->src\main\AndroidManifest.xml:5:7-9:23
46                <action android:name="android.intent.action.MAIN" />
46-->src\main\AndroidManifest.xml:6:9-61
46-->src\main\AndroidManifest.xml:6:17-58
47
48                <category android:name="android.intent.category.LAUNCHER" />
48-->src\main\AndroidManifest.xml:7:9-69
48-->src\main\AndroidManifest.xml:7:19-66
49                <category android:name="com.oculus.intent.category.VR" />
49-->src\main\AndroidManifest.xml:8:9-66
49-->src\main\AndroidManifest.xml:8:19-63
50            </intent-filter>
51
52            <meta-data
52-->src\main\AndroidManifest.xml:10:7-82
53                android:name="unityplayer.UnityActivity"
53-->src\main\AndroidManifest.xml:10:18-58
54                android:value="true" />
54-->src\main\AndroidManifest.xml:10:59-79
55            <meta-data
55-->src\main\AndroidManifest.xml:11:7-78
56                android:name="android.notch_support"
56-->src\main\AndroidManifest.xml:11:18-54
57                android:value="true" />
57-->src\main\AndroidManifest.xml:11:55-75
58            <meta-data
58-->src\main\AndroidManifest.xml:12:7-81
59                android:name="com.oculus.vr.focusaware"
59-->src\main\AndroidManifest.xml:12:18-57
60                android:value="true" />
60-->src\main\AndroidManifest.xml:12:58-78
61        </activity>
62
63        <meta-data
63-->src\main\AndroidManifest.xml:14:5-69
64            android:name="unity.splash-mode"
64-->src\main\AndroidManifest.xml:14:16-48
65            android:value="0" />
65-->src\main\AndroidManifest.xml:14:49-66
66        <meta-data
66-->src\main\AndroidManifest.xml:15:5-74
67            android:name="unity.splash-enable"
67-->src\main\AndroidManifest.xml:15:16-50
68            android:value="True" />
68-->src\main\AndroidManifest.xml:15:51-71
69        <meta-data
69-->src\main\AndroidManifest.xml:16:5-78
70            android:name="unity.launch-fullscreen"
70-->src\main\AndroidManifest.xml:16:16-54
71            android:value="True" />
71-->src\main\AndroidManifest.xml:16:55-75
72        <meta-data
72-->src\main\AndroidManifest.xml:17:5-84
73            android:name="unity.allow-resizable-window"
73-->src\main\AndroidManifest.xml:17:16-59
74            android:value="False" />
74-->src\main\AndroidManifest.xml:17:60-81
75        <meta-data
75-->src\main\AndroidManifest.xml:18:5-81
76            android:name="notch.config"
76-->src\main\AndroidManifest.xml:18:16-43
77            android:value="portrait|landscape" />
77-->src\main\AndroidManifest.xml:18:44-78
78        <meta-data
78-->src\main\AndroidManifest.xml:19:5-84
79            android:name="unity.auto-report-fully-drawn"
79-->src\main\AndroidManifest.xml:19:16-60
80            android:value="true" />
80-->src\main\AndroidManifest.xml:19:61-81
81        <meta-data
81-->src\main\AndroidManifest.xml:20:5-97
82            android:name="com.samsung.android.vr.application.mode"
82-->src\main\AndroidManifest.xml:20:16-70
83            android:value="vr_only" />
83-->src\main\AndroidManifest.xml:20:71-94
84        <meta-data
84-->src\main\AndroidManifest.xml:21:5-91
85            android:name="com.unity.xr.oculus.LowOverheadMode"
85-->src\main\AndroidManifest.xml:21:16-66
86            android:value="false" />
86-->src\main\AndroidManifest.xml:21:67-88
87        <meta-data
87-->src\main\AndroidManifest.xml:22:5-88
88            android:name="com.unity.xr.oculus.LateLatching"
88-->src\main\AndroidManifest.xml:22:16-63
89            android:value="false" />
89-->src\main\AndroidManifest.xml:22:64-85
90        <meta-data
90-->src\main\AndroidManifest.xml:23:5-93
91            android:name="com.unity.xr.oculus.LateLatchingDebug"
91-->src\main\AndroidManifest.xml:23:16-68
92            android:value="false" />
92-->src\main\AndroidManifest.xml:23:69-90
93        <meta-data
93-->src\main\AndroidManifest.xml:24:5-90
94            android:name="com.oculus.supportedDevices"
94-->src\main\AndroidManifest.xml:24:16-58
95            android:value="quest|quest2" />
95-->src\main\AndroidManifest.xml:24:59-87
96    </application>
97
98</manifest>